#
# There is insufficient memory for the Java Runtime Environment to continue.
# Native memory allocation (mmap) failed to map 268435456 bytes for Failed to commit area from 0x0000000701400000 to 0x0000000711400000 of length 268435456.
# Possible reasons:
#   The system is out of physical RAM or swap space
#   The process is running with CompressedOops enabled, and the Java Heap may be blocking the growth of the native heap
# Possible solutions:
#   Reduce memory load on the system
#   Increase physical memory or swap space
#   Check if swap backing store is full
#   Decrease Java heap size (-Xmx/-Xms)
#   Decrease number of Java threads
#   Decrease Java thread stack sizes (-Xss)
#   Set larger code cache with -XX:ReservedCodeCacheSize=
# This output file may be truncated or incomplete.
#
#  Out of Memory Error (./src/hotspot/os/windows/os_windows.cpp:3521), pid=12448, tid=12936
#
# JRE version:  (11.0.13+8) (build )
# Java VM: OpenJDK 64-Bit Server VM (11.0.13+8-b1504.49, mixed mode, sharing, tiered, compressed oops, g1 gc, windows-amd64)
# No core dump will be written. Minidumps are not enabled by default on client versions of Windows
#

---------------  S U M M A R Y ------------

Command Line: git4idea.http.GitAskPassApp Username for 'https://github.com': 

Host: AMD FX(tm)-8300 Eight-Core Processor           , 8 cores, 15G,  Windows 10 , 64 bit Build 19041 (10.0.19041.1466)
Time: Wed Feb 16 21:15:18 2022 Egypt Standard Time elapsed time: 0.034199 seconds (0d 0h 0m 0s)

---------------  T H R E A D  ---------------

Current thread (0x000001d6fb6cd000):  JavaThread "Unknown thread" [_thread_in_vm, id=12936, stack(0x0000004f90a00000,0x0000004f90b00000)]

Stack: [0x0000004f90a00000,0x0000004f90b00000]
Native frames: (J=compiled Java code, j=interpreted, Vv=VM code, C=native code)
V  [jvm.dll+0x6131fa]
V  [jvm.dll+0x798f40]
V  [jvm.dll+0x79a55d]
V  [jvm.dll+0x79ac33]
V  [jvm.dll+0x24c038]
V  [jvm.dll+0x610514]
V  [jvm.dll+0x605105]
V  [jvm.dll+0x30a53b]
V  [jvm.dll+0x30a4aa]
V  [jvm.dll+0x30a382]
V  [jvm.dll+0x30f2e6]
V  [jvm.dll+0x358953]
V  [jvm.dll+0x359056]
V  [jvm.dll+0x358a53]
V  [jvm.dll+0x2e4f08]
V  [jvm.dll+0x2e60a7]
V  [jvm.dll+0x776017]
V  [jvm.dll+0x77780c]
V  [jvm.dll+0x365f19]
V  [jvm.dll+0x759c6e]
V  [jvm.dll+0x3d3fd3]
V  [jvm.dll+0x3d6571]
C  [jli.dll+0x536b]
C  [ucrtbase.dll+0x21bb2]
C  [KERNEL32.DLL+0x17034]
C  [ntdll.dll+0x52651]


---------------  P R O C E S S  ---------------

Threads class SMR info:
_java_thread_list=0x000001d6f95c0830, length=0, elements={
}

Java Threads: ( => current thread )

Other Threads:
  0x000001d6fb6e7800 GCTaskThread "GC Thread#0" [stack: 0x0000004f90b00000,0x0000004f90c00000] [id=18880]
  0x000001d6fb745800 ConcurrentGCThread "G1 Main Marker" [stack: 0x0000004f90c00000,0x0000004f90d00000] [id=9176]
  0x000001d6fb747000 ConcurrentGCThread "G1 Conc#0" [stack: 0x0000004f90d00000,0x0000004f90e00000] [id=4484]

[error occurred during error reporting (printing all threads), id 0xc0000005, EXCEPTION_ACCESS_VIOLATION (0xc0000005) at pc=0x00007ffbf1dc5547]

VM state:not at safepoint (not fully initialized)

VM Mutex/Monitor currently owned by a thread:  ([mutex/lock_event])
[0x000001d6fb6c8a70] Heap_lock - owner thread: 0x000001d6fb6cd000

Heap address: 0x0000000701400000, size: 4076 MB, Compressed Oops mode: Non-zero based: 0x0000000701400000
Narrow klass base: 0x0000000000000000, Narrow klass shift: 0

GC Heap History (0 events):
No events

Deoptimization events (0 events):
No events

Classes redefined (0 events):
No events

Internal exceptions (0 events):
No events

Events (1 events):
Event: 0.011 Loaded shared library C:\Program Files\JetBrains\PyCharm 2021.2.3\jbr\bin\zip.dll


Dynamic libraries:
0x00007ff7d9040000 - 0x00007ff7d904a000 	C:\Program Files\JetBrains\PyCharm 2021.2.3\jbr\bin\java.exe
0x00007ffc428d0000 - 0x00007ffc42ac5000 	C:\WINDOWS\SYSTEM32\ntdll.dll
0x00007ffc41b50000 - 0x00007ffc41c0e000 	C:\WINDOWS\System32\KERNEL32.DLL
0x00007ffc400e0000 - 0x00007ffc403a8000 	C:\WINDOWS\System32\KERNELBASE.dll
0x00007ffc3ffe0000 - 0x00007ffc400e0000 	C:\WINDOWS\System32\ucrtbase.dll
0x00007ffc09940000 - 0x00007ffc09957000 	C:\Program Files\JetBrains\PyCharm 2021.2.3\jbr\bin\VCRUNTIME140.dll
0x00007ffc06e10000 - 0x00007ffc06e29000 	C:\Program Files\JetBrains\PyCharm 2021.2.3\jbr\bin\jli.dll
0x00007ffc421a0000 - 0x00007ffc42341000 	C:\WINDOWS\System32\USER32.dll
0x00007ffc38e60000 - 0x00007ffc390fa000 	C:\WINDOWS\WinSxS\amd64_microsoft.windows.common-controls_6595b64144ccf1df_6.0.19041.1110_none_60b5254171f9507e\COMCTL32.dll
0x00007ffc405c0000 - 0x00007ffc405e2000 	C:\WINDOWS\System32\win32u.dll
0x00007ffc41090000 - 0x00007ffc4112e000 	C:\WINDOWS\System32\msvcrt.dll
0x00007ffc40910000 - 0x00007ffc4093b000 	C:\WINDOWS\System32\GDI32.dll
0x00007ffc405f0000 - 0x00007ffc406fd000 	C:\WINDOWS\System32\gdi32full.dll
0x00007ffc40700000 - 0x00007ffc4079d000 	C:\WINDOWS\System32\msvcp_win.dll
0x00007ffc413e0000 - 0x00007ffc41410000 	C:\WINDOWS\System32\IMM32.DLL
0x00007ffbf1990000 - 0x00007ffbf1a2d000 	C:\Program Files\JetBrains\PyCharm 2021.2.3\jbr\bin\msvcp140.dll
0x00007ffbf1ad0000 - 0x00007ffbf2645000 	C:\Program Files\JetBrains\PyCharm 2021.2.3\jbr\bin\server\jvm.dll
0x00007ffc41410000 - 0x00007ffc414be000 	C:\WINDOWS\System32\ADVAPI32.dll
0x00007ffc41340000 - 0x00007ffc413dc000 	C:\WINDOWS\System32\sechost.dll
0x00007ffc42420000 - 0x00007ffc42545000 	C:\WINDOWS\System32\RPCRT4.dll
0x00007ffc41190000 - 0x00007ffc41198000 	C:\WINDOWS\System32\PSAPI.DLL
0x00007ffc31160000 - 0x00007ffc31169000 	C:\WINDOWS\SYSTEM32\WSOCK32.dll
0x00007ffc371c0000 - 0x00007ffc371e7000 	C:\WINDOWS\SYSTEM32\WINMM.dll
0x00007ffc37760000 - 0x00007ffc3776a000 	C:\WINDOWS\SYSTEM32\VERSION.dll
0x00007ffc414c0000 - 0x00007ffc4152b000 	C:\WINDOWS\System32\WS2_32.dll
0x00007ffc3de10000 - 0x00007ffc3de22000 	C:\WINDOWS\SYSTEM32\kernel.appcore.dll
0x00007ffc3d770000 - 0x00007ffc3d781000 	C:\Program Files\JetBrains\PyCharm 2021.2.3\jbr\bin\verify.dll
0x00007ffc2ac70000 - 0x00007ffc2ae54000 	C:\WINDOWS\SYSTEM32\DBGHELP.DLL
0x00007ffc2a9f0000 - 0x00007ffc2aa1c000 	C:\WINDOWS\SYSTEM32\dbgcore.DLL
0x00007ffc40880000 - 0x00007ffc40902000 	C:\WINDOWS\System32\bcryptPrimitives.dll
0x00007ffc3bfd0000 - 0x00007ffc3bff9000 	C:\Program Files\JetBrains\PyCharm 2021.2.3\jbr\bin\java.dll
0x00007ffc3d2f0000 - 0x00007ffc3d2fb000 	C:\Program Files\JetBrains\PyCharm 2021.2.3\jbr\bin\jimage.dll
0x00007ffc3b930000 - 0x00007ffc3b948000 	C:\Program Files\JetBrains\PyCharm 2021.2.3\jbr\bin\zip.dll

dbghelp: loaded successfully - version: 4.0.5 - missing functions: none
symbol engine: initialized successfully - sym options: 0x614 - pdb path: .;C:\Program Files\JetBrains\PyCharm 2021.2.3\jbr\bin;C:\WINDOWS\SYSTEM32;C:\WINDOWS\WinSxS\amd64_microsoft.windows.common-controls_6595b64144ccf1df_6.0.19041.1110_none_60b5254171f9507e;C:\Program Files\JetBrains\PyCharm 2021.2.3\jbr\bin\server

VM Arguments:
java_command: git4idea.http.GitAskPassApp Username for 'https://github.com': 
java_class_path (initial): C:/Program Files/JetBrains/PyCharm 2021.2.3/plugins/git4idea/lib/git4idea-rt.jar;C:/Program Files/JetBrains/PyCharm 2021.2.3/lib/3rd-party.jar
Launcher Type: SUN_STANDARD

[Global flags]
     intx CICompilerCount                          = 4                                         {product} {ergonomic}
     uint ConcGCThreads                            = 2                                         {product} {ergonomic}
     uint G1ConcRefinementThreads                  = 8                                         {product} {ergonomic}
   size_t G1HeapRegionSize                         = 1048576                                   {product} {ergonomic}
    uintx GCDrainStackTargetSize                   = 64                                        {product} {ergonomic}
   size_t InitialHeapSize                          = 268435456                                 {product} {ergonomic}
   size_t MarkStackSize                            = 4194304                                   {product} {ergonomic}
   size_t MaxHeapSize                              = 4273995776                                {product} {ergonomic}
   size_t MinHeapDeltaBytes                        = 1048576                                   {product} {ergonomic}
    uintx NonNMethodCodeHeapSize                   = 5836300                                {pd product} {ergonomic}
    uintx NonProfiledCodeHeapSize                  = 122910970                              {pd product} {ergonomic}
    uintx ProfiledCodeHeapSize                     = 122910970                              {pd product} {ergonomic}
    uintx ReservedCodeCacheSize                    = 251658240                              {pd product} {ergonomic}
     bool SegmentedCodeCache                       = true                                      {product} {ergonomic}
     bool UseCompressedClassPointers               = true                                 {lp64_product} {ergonomic}
     bool UseCompressedOops                        = true                                 {lp64_product} {ergonomic}
     bool UseG1GC                                  = true                                      {product} {ergonomic}
     bool UseLargePagesIndividualAllocation        = false                                  {pd product} {ergonomic}

Logging:
Log output configuration:
 #0: stdout all=warning uptime,level,tags
 #1: stderr all=off uptime,level,tags

Environment Variables:
PATH=C:/Program Files/Git/mingw64/libexec/git-core;C:/Program Files/Git/mingw64/libexec/git-core;C:\Program Files\Git\mingw64\bin;C:\Program Files\Git\usr\bin;C:\Users\John1\bin;C:\Users\John1\Desktop\ITI\EvoCare_Website_api\env\Scripts;C:\Program Files (x86)\Common Files\Oracle\Java\javapath;C:\Program Files (x86)\AMD APP\bin\x86_64;C:\WINDOWS\system32;C:\WINDOWS;C:\WINDOWS\System32\Wbem;C:\WINDOWS\System32\WindowsPowerShell\v1.0\;C:\Program Files (x86)\Windows Live\Shared;C:\TDM-GCC-64\bin;C:\WINDOWS\System32\OpenSSH\;C:\Program Files\nodejs\;C:\Program Files\Git\cmd;C:\Users\John1\AppData\Local\Programs\Python\Python39\Scripts\;C:\Users\John1\AppData\Local\Programs\Python\Python39\;C:\Program Files (x86)\AMD APP\bin\x86_64;C:\WINDOWS\system32;C:\WINDOWS;C:\WINDOWS\System32\Wbem;C:\WINDOWS\System32\WindowsPowerShell\v1.0\;C:\Program Files (x86)\Windows Live\Shared;C:\Program Files (x86)\AMD\ATI.ACE\Core-Static;C:\TDM-GCC-64\bin;C:\Python34\Scripts;C:\Users\John1\AppData\Local\Programs\Python\Python36\Scripts;C:\Users\John1\AppData\Local\Microsoft\WindowsApps;C:\Program Files\JetBrains\IntelliJ IDEA Community Edition 2019.2.3\bin;C:\Users\John1\AppData\Roaming\npm;C:\Users\John1\AppData\Local\Programs\MiKTeX\miktex\bin\x64\;C:\Program Files\JetBrains\PyCharm 2021.2.3\bin;C:\Users\John1\AppData\Local\GitHubDesktop\bin
USERNAME=John
DISPLAY=:0.0
LC_ALL=en_US.UTF-8
OS=Windows_NT
PROCESSOR_IDENTIFIER=AMD64 Family 21 Model 2 Stepping 0, AuthenticAMD



---------------  S Y S T E M  ---------------

OS: Windows 10 , 64 bit Build 19041 (10.0.19041.1466)
OS uptime: 5 days 3:18 hours

CPU:total 8 (initial active 8) (8 cores per cpu, 1 threads per core) family 21 model 2 stepping 0 microcode 0x0, cmov, cx8, fxsr, mmx, sse, sse2, sse3, ssse3, sse4.1, sse4.2, popcnt, avx, aes, clmul, mmxext, 3dnowpref, lzcnt, sse4a, tsc, tscinvbit, tscinv, bmi1, fma

Memory: 4k page, system-wide physical 16299M (5445M free)
TotalPageFile size 19232M (AvailPageFile size 225M)
current process WorkingSet (physical memory assigned to process): 10M, peak: 10M
current process commit charge ("private bytes"): 60M, peak: 316M

vm_info: OpenJDK 64-Bit Server VM (11.0.13+8-b1504.49) for windows-amd64 JRE (11.0.13+8-b1504.49), built on Nov  5 2021 09:56:39 by "" with MS VC++ 14.0 (VS2015)

END.
